\BOOKMARK [1][-]{section.1}{Introduction}{}% 1
\BOOKMARK [1][-]{section.2}{Vision}{}% 2
\BOOKMARK [1][-]{section.3}{Background}{}% 3
\BOOKMARK [1][-]{section.4}{Software Architecture}{}% 4
\BOOKMARK [2][-]{subsection.4.1}{Architecture Requirements}{section.4}% 5
\BOOKMARK [3][-]{subsubsection.4.1.1}{Architectural Scope}{subsection.4.1}% 6
\BOOKMARK [3][-]{subsubsection.4.1.2}{Access Channel Requirements}{subsection.4.1}% 7
\BOOKMARK [3][-]{subsubsection.4.1.3}{Quality Requirements}{subsection.4.1}% 8
\BOOKMARK [3][-]{subsubsection.4.1.4}{Integration Requirements}{subsection.4.1}% 9
\BOOKMARK [3][-]{subsubsection.4.1.5}{Architectural Constraints}{subsection.4.1}% 10
\BOOKMARK [2][-]{subsection.4.2}{Architectural patterns or styles}{section.4}% 11
\BOOKMARK [2][-]{subsection.4.3}{Architectural tactics or strategies}{section.4}% 12
\BOOKMARK [2][-]{subsection.4.4}{Use of reference architectures and frameworks}{section.4}% 13
\BOOKMARK [2][-]{subsection.4.5}{Technologies}{section.4}% 14
\BOOKMARK [1][-]{section.5}{Functional Requirements and Application Design}{}% 15
\BOOKMARK [2][-]{subsection.5.1}{Use Case Prioritisation}{section.5}% 16
\BOOKMARK [2][-]{subsection.5.2}{Use Case/Services Contracts}{section.5}% 17
\BOOKMARK [3][-]{subsubsection.5.2.1}{Use Cases}{subsection.5.2}% 18
\BOOKMARK [2][-]{subsection.5.3}{Required functionality}{section.5}% 19
\BOOKMARK [3][-]{subsubsection.5.3.1}{Registration Use Case Diagram}{subsection.5.3}% 20
\BOOKMARK [3][-]{subsubsection.5.3.2}{Login Use Case Diagram}{subsection.5.3}% 21
\BOOKMARK [3][-]{subsubsection.5.3.3}{Logout Use Case Diagram}{subsection.5.3}% 22
\BOOKMARK [3][-]{subsubsection.5.3.4}{Create Publication Use Case Diagram}{subsection.5.3}% 23
\BOOKMARK [3][-]{subsubsection.5.3.5}{Add/Remove Author Use Case Diagram}{subsection.5.3}% 24
\BOOKMARK [3][-]{subsubsection.5.3.6}{Edit Publication Use Case Diagram}{subsection.5.3}% 25
\BOOKMARK [3][-]{subsubsection.5.3.7}{View Publication Use Case Diagram}{subsection.5.3}% 26
\BOOKMARK [3][-]{subsubsection.5.3.8}{View Profile Use Case Diagram}{subsection.5.3}% 27
\BOOKMARK [3][-]{subsubsection.5.3.9}{Edit Profile Use Case Diagram}{subsection.5.3}% 28
\BOOKMARK [3][-]{subsubsection.5.3.10}{Generate Report Use Case Diagram}{subsection.5.3}% 29
\BOOKMARK [2][-]{subsection.5.4}{Process specifications}{section.5}% 30
\BOOKMARK [3][-]{subsubsection.5.4.1}{Registration Activity Diagram}{subsection.5.4}% 31
\BOOKMARK [3][-]{subsubsection.5.4.2}{Login Activity Diagram}{subsection.5.4}% 32
\BOOKMARK [3][-]{subsubsection.5.4.3}{Logout Activity Diagram}{subsection.5.4}% 33
\BOOKMARK [3][-]{subsubsection.5.4.4}{Create Publication Activity Diagram}{subsection.5.4}% 34
\BOOKMARK [3][-]{subsubsection.5.4.5}{Remove Author Activity Diagram}{subsection.5.4}% 35
\BOOKMARK [3][-]{subsubsection.5.4.6}{Add Author Activity Diagram}{subsection.5.4}% 36
\BOOKMARK [3][-]{subsubsection.5.4.7}{Edit Publication Activity Diagram}{subsection.5.4}% 37
\BOOKMARK [3][-]{subsubsection.5.4.8}{View Publication Activity Diagram}{subsection.5.4}% 38
\BOOKMARK [3][-]{subsubsection.5.4.9}{View Profile Activity Diagram}{subsection.5.4}% 39
\BOOKMARK [3][-]{subsubsection.5.4.10}{Edit Profile Activity Diagram}{subsection.5.4}% 40
\BOOKMARK [3][-]{subsubsection.5.4.11}{Generate Report Activity Diagram}{subsection.5.4}% 41
\BOOKMARK [2][-]{subsection.5.5}{Domain Model}{section.5}% 42
\BOOKMARK [1][-]{section.6}{Open Issues}{}% 43
